This is pdfTeX, Version 3.141592653-2.6-1.40.26 (TeX Live 2024) (preloaded format=pdflatex 2024.4.20)  20 APR 2024 22:59
entering extended mode
 restricted \write18 enabled.
 file:line:error style messages enabled.
 %&-line parsing enabled.
**"c:/Users/B00830189/OneDrive - Ulster University/PhD/phd/Presentations/Conferences etc/UKCI 2024/Paper/editor/editor.tex"
(c:/Users/B00830189/OneDrive - Ulster University/PhD/phd/Presentations/Conferences etc/UKCI 2024/Paper/editor/editor.tex
LaTeX2e <2023-11-01> patch level 1
L3 programming layer <2024-03-14>

! LaTeX Error: File `SVProc.cls' not found.

Type X to quit or <RETURN> to proceed,
or enter new name. (Default extension: cls)

Enter file name: 
c:/Users/B00830189/OneDrive - Ulster University/PhD/phd/Presentations/Conferences etc/UKCI 2024/Paper/editor/editor.tex:8: Emergency stop.
<read *> 
         
l.8 \usepackage
               {makeidx}  % allows for indexgeneration^^M
*** (cannot \read from terminal in nonstop modes)

 
Here is how much of TeX's memory you used:
 20 strings out of 474103
 739 string characters out of 5747481
 1925496 words of memory out of 5000000
 22492 multiletter control sequences out of 15000+600000
 558069 words of font info for 36 fonts, out of 8000000 for 9000
 1141 hyphenation exceptions out of 8191
 19i,0n,29p,207b,17s stack positions out of 10000i,1000n,20000p,200000b,200000s
c:/Users/B00830189/OneDrive - Ulster University/PhD/phd/Presentations/Conferences etc/UKCI 2024/Paper/editor/editor.tex:8:  ==> Fatal error occurred, no output PDF file produced!
