[2024-05-28 17:52:29,230][flwr][INFO] - Starting Flower simulation, config: ServerConfig(num_rounds=5, round_timeout=None)
[2024-05-28 17:52:36,988][flwr][INFO] - Flower VCE: Ray initialized with resources: {'object_store_memory': 258195456.0, 'memory': 516390912.0, 'node:127.0.0.1': 1.0, 'CPU': 8.0}
[2024-05-28 17:52:36,991][flwr][INFO] - Initializing global parameters
[2024-05-28 17:52:36,995][flwr][INFO] - Requesting initial parameters from one random client
[2024-05-28 17:52:38,821][flwr][ERROR] - [36mray::launch_and_get_parameters()[39m (pid=17516, ip=127.0.0.1)
  File "python\ray\_raylet.pyx", line 600, in ray._raylet.execute_task
  File "C:\Users\B00830189\AppData\Local\anaconda3\envs\flower_tutorial\lib\site-packages\ray\_private\memory_monitor.py", line 156, in raise_if_low_memory
    raise RayOutOfMemoryError(
ray._private.memory_monitor.RayOutOfMemoryError: More than 95% of the memory on node 2RWV8C3 is used (7.33 / 7.63 GB). The top 10 memory consumers are:

PID	MEM	COMMAND
18908	0.45GiB	C:\Program Files\Google\Chrome\Application\chrome.exe --type=renderer --enable-dinosaur-easter-egg-a
18324	0.3GiB	C:\Users\B00830189\AppData\Local\anaconda3\envs\flower_tutorial\python.exe main.py num_classes=5
20836	0.21GiB	C:\Program Files\Google\Chrome\Application\chrome.exe --type=renderer --enable-dinosaur-easter-egg-a
4580	0.18GiB	C:\Users\B00830189\AppData\Local\Programs\Microsoft VS Code\Code.exe c:\Users\B00830189\.vscode\exte
7500	0.17GiB	C:\Users\B00830189\AppData\Local\Programs\Microsoft VS Code\Code.exe --type=renderer --user-data-dir
10668	0.16GiB	C:\Program Files\Google\Chrome\Application\chrome.exe --type=gpu-process --gpu-preferences=WAAAAAAAA
19840	0.14GiB	C:\Program Files\Google\Chrome\Application\chrome.exe
13520	0.14GiB	C:\Program Files (x86)\Microsoft\EdgeWebView\Application\125.0.2535.67\msedgewebview2.exe --type=ren
7808	0.13GiB	C:\Users\B00830189\AppData\Local\Programs\Microsoft VS Code\Code.exe --type=gpu-process --user-data-
20700	0.11GiB	C:\Users\B00830189\AppData\Local\Programs\Microsoft VS Code\Code.exe --type=utility --utility-sub-ty

In addition, up to 0.0 GiB of shared memory is currently being used by the Ray object store.
---
--- Tip: Use the `ray memory` command to list active objects in the cluster.
--- To disable OOM exceptions, set RAY_DISABLE_MEMORY_MONITOR=1.
---
