This is pdfTeX, Version 3.141592653-2.6-1.40.26 (TeX Live 2024) (preloaded format=pdflatex 2024.4.20)  21 APR 2024 19:43
entering extended mode
 restricted \write18 enabled.
 %&-line parsing enabled.
**author.tex
(./author.tex
LaTeX2e <2023-11-01> patch level 1
L3 programming layer <2024-03-14>
(../styles/svproc.cls
Document Class: svproc 2016/07/20 v1.3 
 LaTeX document class for Proceedings volumes
(c:/texlive/2024/texmf-dist/tex/latex/base/article.cls
Document Class: article 2023/05/17 v1.4n Standard LaTeX document class
(c:/texlive/2024/texmf-dist/tex/latex/base/size10.clo
File: size10.clo 2023/05/17 v1.4n Standard LaTeX file (size option)
)
\c@part=\count188
\c@section=\count189
\c@subsection=\count190
\c@subsubsection=\count191
\c@paragraph=\count192
\c@subparagraph=\count193
\c@figure=\count194
\c@table=\count195
\abovecaptionskip=\skip48
\belowcaptionskip=\skip49
\bibindent=\dimen140
)
(c:/texlive/2024/texmf-dist/tex/latex/tools/multicol.sty
Package: multicol 2023/03/30 v1.9f multicolumn formatting (FMi)
\c@tracingmulticols=\count196
\mult@box=\box51
\multicol@leftmargin=\dimen141
\c@unbalance=\count197
\c@collectmore=\count198
\doublecol@number=\count199
\multicoltolerance=\count266
\multicolpretolerance=\count267
\full@width=\dimen142
\page@free=\dimen143
\premulticols=\dimen144
\postmulticols=\dimen145
\multicolsep=\skip50
\multicolbaselineskip=\skip51
\partial@page=\box52
\last@line=\box53
\mc@boxedresult=\box54
\maxbalancingoverflow=\dimen146
\mult@rightbox=\box55
\mult@grightbox=\box56
\mult@firstbox=\box57
\mult@gfirstbox=\box58
\@tempa=\box59
\@tempa=\box60
\@tempa=\box61
\@tempa=\box62
\@tempa=\box63
\@tempa=\box64
\@tempa=\box65
\@tempa=\box66
\@tempa=\box67
\@tempa=\box68
\@tempa=\box69
\@tempa=\box70
\@tempa=\box71
\@tempa=\box72
\@tempa=\box73
\@tempa=\box74
\@tempa=\box75
\@tempa=\box76
\@tempa=\box77
\@tempa=\box78
\@tempa=\box79
\@tempa=\box80
\@tempa=\box81
\@tempa=\box82
\@tempa=\box83
\@tempa=\box84
\@tempa=\box85
\@tempa=\box86
\@tempa=\box87
\@tempa=\box88
\@tempa=\box89
\@tempa=\box90
\@tempa=\box91
\@tempa=\box92
\@tempa=\box93
\@tempa=\box94
\c@minrows=\count268
\c@columnbadness=\count269
\c@finalcolumnbadness=\count270
\last@try=\dimen147
\multicolovershoot=\dimen148
\multicolundershoot=\dimen149
\mult@nat@firstbox=\box95
\colbreak@box=\box96
\mc@col@check@num=\count271
)
(../styles/aliascnt.sty
Package: aliascnt 2009/09/08 v1.3 Alias counter (HO)
 (../styles/remreset.sty))
\c@chapter=\count272
LaTeX Font Info:    Redeclaring math symbol \Gamma on input line 369.
LaTeX Font Info:    Redeclaring math symbol \Delta on input line 370.
LaTeX Font Info:    Redeclaring math symbol \Theta on input line 371.
LaTeX Font Info:    Redeclaring math symbol \Lambda on input line 372.
LaTeX Font Info:    Redeclaring math symbol \Xi on input line 373.
LaTeX Font Info:    Redeclaring math symbol \Pi on input line 374.
LaTeX Font Info:    Redeclaring math symbol \Sigma on input line 375.
LaTeX Font Info:    Redeclaring math symbol \Upsilon on input line 376.
LaTeX Font Info:    Redeclaring math symbol \Phi on input line 377.
LaTeX Font Info:    Redeclaring math symbol \Psi on input line 378.
LaTeX Font Info:    Redeclaring math symbol \Omega on input line 379.
\tocchpnum=\dimen150
\tocsecnum=\dimen151
\tocsectotal=\dimen152
\tocsubsecnum=\dimen153
\tocsubsectotal=\dimen154
\tocsubsubsecnum=\dimen155
\tocsubsubsectotal=\dimen156
\tocparanum=\dimen157
\tocparatotal=\dimen158
\tocsubparanum=\dimen159
\@tempcntc=\count273
\fnindent=\dimen160
\c@@inst=\count274
\c@@auth=\count275
\c@auco=\count276
\instindent=\dimen161
\authrun=\box97
\authorrunning=\toks17
\tocauthor=\toks18
\titrun=\box98
\titlerunning=\toks19
\toctitle=\toks20
\c@theorem=\count277
\c@case=\count278
\c@conjecture=\count279
\c@corollary=\count280
\c@definition=\count281
\c@example=\count282
\c@exercise=\count283
\c@lemma=\count284
\c@note=\count285
\c@problem=\count286
\c@property=\count287
\c@proposition=\count288
\c@question=\count289
\c@solution=\count290
\c@remark=\count291
\headlineindent=\dimen162
)
(c:/texlive/2024/texmf-dist/tex/latex/url/url.sty
\Urlmuskip=\muskip16
Package: url 2013/09/16  ver 3.4  Verb mode for urls, etc.
)
(c:/texlive/2024/texmf-dist/tex/latex/l3backend/l3backend-pdftex.def
File: l3backend-pdftex.def 2024-03-14 L3 backend support: PDF output (pdfTeX)
\l__color_backend_stack_int=\count292
\l__pdf_internal_box=\box99
)
(./author.aux)
\openout1 = `author.aux'.

LaTeX Font Info:    Checking defaults for OML/cmm/m/it on input line 18.
LaTeX Font Info:    ... okay on input line 18.
LaTeX Font Info:    Checking defaults for OMS/cmsy/m/n on input line 18.
LaTeX Font Info:    ... okay on input line 18.
LaTeX Font Info:    Checking defaults for OT1/cmr/m/n on input line 18.
LaTeX Font Info:    ... okay on input line 18.
LaTeX Font Info:    Checking defaults for T1/cmr/m/n on input line 18.
LaTeX Font Info:    ... okay on input line 18.
LaTeX Font Info:    Checking defaults for TS1/cmr/m/n on input line 18.
LaTeX Font Info:    ... okay on input line 18.
LaTeX Font Info:    Checking defaults for OMX/cmex/m/n on input line 18.
LaTeX Font Info:    ... okay on input line 18.
LaTeX Font Info:    Checking defaults for U/cmr/m/n on input line 18.
LaTeX Font Info:    ... okay on input line 18.
LaTeX Font Info:    External font `cmex10' loaded for size
(Font)              <7> on input line 46.
LaTeX Font Info:    External font `cmex10' loaded for size
(Font)              <5> on input line 46.
LaTeX Font Info:    External font `cmex10' loaded for size
(Font)              <9> on input line 46.
LaTeX Font Info:    External font `cmex10' loaded for size
(Font)              <6> on input line 46.
 [1


{c:/texlive/2024/texmf-var/fonts/map/pdftex/updmap/pdftex.map}] [2] [3] [4] [5]
 [6] (./author.aux)
 ***********
LaTeX2e <2023-11-01> patch level 1
L3 programming layer <2024-03-14>
 ***********
 ) 
Here is how much of TeX's memory you used:
 1092 strings out of 474103
 17403 string characters out of 5747481
 1939496 words of memory out of 5000000
 23514 multiletter control sequences out of 15000+600000
 564087 words of font info for 56 fonts, out of 8000000 for 9000
 1141 hyphenation exceptions out of 8191
 57i,9n,65p,229b,339s stack positions out of 10000i,1000n,20000p,200000b,200000s
<c:/texlive/2024/texmf-dist/fonts/type1/public/amsfonts/cm/cmbx10.pfb><c:/tex
live/2024/texmf-dist/fonts/type1/public/amsfonts/cm/cmbx12.pfb><c:/texlive/2024
/texmf-dist/fonts/type1/public/amsfonts/cm/cmbx9.pfb><c:/texlive/2024/texmf-dis
t/fonts/type1/public/amsfonts/cm/cmex10.pfb><c:/texlive/2024/texmf-dist/fonts/t
ype1/public/amsfonts/cm/cmmi10.pfb><c:/texlive/2024/texmf-dist/fonts/type1/publ
ic/amsfonts/cm/cmmi7.pfb><c:/texlive/2024/texmf-dist/fonts/type1/public/amsfont
s/cm/cmr10.pfb><c:/texlive/2024/texmf-dist/fonts/type1/public/amsfonts/cm/cmr6.
pfb><c:/texlive/2024/texmf-dist/fonts/type1/public/amsfonts/cm/cmr7.pfb><c:/tex
live/2024/texmf-dist/fonts/type1/public/amsfonts/cm/cmr9.pfb><c:/texlive/2024/t
exmf-dist/fonts/type1/public/amsfonts/cm/cmsy10.pfb><c:/texlive/2024/texmf-dist
/fonts/type1/public/amsfonts/cm/cmsy5.pfb><c:/texlive/2024/texmf-dist/fonts/typ
e1/public/amsfonts/cm/cmsy7.pfb><c:/texlive/2024/texmf-dist/fonts/type1/public/
amsfonts/cm/cmti10.pfb><c:/texlive/2024/texmf-dist/fonts/type1/public/amsfonts/
cm/cmti9.pfb><c:/texlive/2024/texmf-dist/fonts/type1/public/amsfonts/cm/cmtt9.p
fb>
Output written on author.pdf (6 pages, 227535 bytes).
PDF statistics:
 103 PDF objects out of 1000 (max. 8388607)
 62 compressed objects within 1 object stream
 0 named destinations out of 1000 (max. 500000)
 1 words of extra memory for PDF output out of 10000 (max. 10000000)

